# JRE version: Java(TM) SE Runtime Environment (8.0_60-b27) (build 1.8.0_60-b27)
# Java VM: Java HotSpot(TM) Client VM (25.60-b23 mixed mode windows-x86 )
Heap:
 def new generation   total 4928K, used 2027K [0x04600000, 0x04b50000, 0x09b50000)
  eden space 4416K,  43% used [0x04600000, 0x047dc4b0, 0x04a50000)
  from space 512K,  23% used [0x04ad0000, 0x04aee7a8, 0x04b50000)
  to   space 512K,   0% used [0x04a50000, 0x04a50000, 0x04ad0000)
 tenured generation   total 10944K, used 6676K [0x09b50000, 0x0a600000, 0x14600000)
   the space 10944K,  61% used [0x09b50000, 0x0a1d50b8, 0x0a1d5200, 0x0a600000)
 Metaspace       used 9391K, capacity 9996K, committed 10112K, reserved 10624K
GC Heap History (10 events):
Event: 2.392 GC heap before
{Heap before GC invocations=6 (full 0):
 def new generation   total 4928K, used 4928K [0x04600000, 0x04b50000, 0x09b50000)
  eden space 4416K, 100% used [0x04600000, 0x04a50000, 0x04a50000)
  from space 512K, 100% used [0x04a50000, 0x04ad0000, 0x04ad0000)
  to   space 512K,   0% used [0x04ad0000, 0x04ad0000, 0x04b50000)
 tenured generation   total 10944K, used 2823K [0x09b50000, 0x0a600000, 0x14600000)
   the space 10944K,  25% used [0x09b50000, 0x09e11fe8, 0x09e12000, 0x0a600000)
 Metaspace       used 9100K, capacity 9720K, committed 9728K, reserved 10624K
Event: 2.401 GC heap after
Heap after GC invocations=7 (full 0):
 def new generation   total 4928K, used 116K [0x04600000, 0x04b50000, 0x09b50000)
  eden space 4416K,   0% used [0x04600000, 0x04600000, 0x04a50000)
  from space 512K,  22% used [0x04ad0000, 0x04aed040, 0x04b50000)
  to   space 512K,   0% used [0x04a50000, 0x04a50000, 0x04ad0000)
 tenured generation   total 10944K, used 6401K [0x09b50000, 0x0a600000, 0x14600000)
   the space 10944K,  58% used [0x09b50000, 0x0a190618, 0x0a190800, 0x0a600000)
 Metaspace       used 9100K, capacity 9720K, committed 9728K, reserved 10624K
}
Event: 15.137 GC heap before
{Heap before GC invocations=7 (full 0):
 def new generation   total 4928K, used 4532K [0x04600000, 0x04b50000, 0x09b50000)
  eden space 4416K, 100% used [0x04600000, 0x04a50000, 0x04a50000)
  from space 512K,  22% used [0x04ad0000, 0x04aed040, 0x04b50000)
  to   space 512K,   0% used [0x04a50000, 0x04a50000, 0x04ad0000)
 tenured generation   total 10944K, used 6401K [0x09b50000, 0x0a600000, 0x14600000)
   the space 10944K,  58% used [0x09b50000, 0x0a190618, 0x0a190800, 0x0a600000)
 Metaspace       used 9375K, capacity 9996K, committed 10112K, reserved 10624K
Event: 15.141 GC heap after
Heap after GC invocations=8 (full 0):
 def new generation   total 4928K, used 308K [0x04600000, 0x04b50000, 0x09b50000)
  eden space 4416K,   0% used [0x04600000, 0x04600000, 0x04a50000)
  from space 512K,  60% used [0x04a50000, 0x04a9d288, 0x04ad0000)
  to   space 512K,   0% used [0x04ad0000, 0x04ad0000, 0x04b50000)
 tenured generation   total 10944K, used 6401K [0x09b50000, 0x0a600000, 0x14600000)
   the space 10944K,  58% used [0x09b50000, 0x0a190618, 0x0a190800, 0x0a600000)
 Metaspace       used 9375K, capacity 9996K, committed 10112K, reserved 10624K
}
Event: 15.160 GC heap before
{Heap before GC invocations=8 (full 0):
 def new generation   total 4928K, used 4724K [0x04600000, 0x04b50000, 0x09b50000)
  eden space 4416K, 100% used [0x04600000, 0x04a50000, 0x04a50000)
  from space 512K,  60% used [0x04a50000, 0x04a9d288, 0x04ad0000)
  to   space 512K,   0% used [0x04ad0000, 0x04ad0000, 0x04b50000)
 tenured generation   total 10944K, used 6401K [0x09b50000, 0x0a600000, 0x14600000)
   the space 10944K,  58% used [0x09b50000, 0x0a190618, 0x0a190800, 0x0a600000)
 Metaspace       used 9375K, capacity 9996K, committed 10112K, reserved 10624K
Event: 15.163 GC heap after
Heap after GC invocations=9 (full 0):
 def new generation   total 4928K, used 251K [0x04600000, 0x04b50000, 0x09b50000)
  eden space 4416K,   0% used [0x04600000, 0x04600000, 0x04a50000)
  from space 512K,  49% used [0x04ad0000, 0x04b0ef10, 0x04b50000)
  to   space 512K,   0% used [0x04a50000, 0x04a50000, 0x04ad0000)
 tenured generation   total 10944K, used 6500K [0x09b50000, 0x0a600000, 0x14600000)
   the space 10944K,  59% used [0x09b50000, 0x0a1a90f8, 0x0a1a9200, 0x0a600000)
 Metaspace       used 9375K, capacity 9996K, committed 10112K, reserved 10624K
}
Event: 15.177 GC heap before
{Heap before GC invocations=9 (full 0):
 def new generation   total 4928K, used 4667K [0x04600000, 0x04b50000, 0x09b50000)
  eden space 4416K, 100% used [0x04600000, 0x04a50000, 0x04a50000)
  from space 512K,  49% used [0x04ad0000, 0x04b0ef10, 0x04b50000)
  to   space 512K,   0% used [0x04a50000, 0x04a50000, 0x04ad0000)
 tenured generation   total 10944K, used 6500K [0x09b50000, 0x0a600000, 0x14600000)
   the space 10944K,  59% used [0x09b50000, 0x0a1a90f8, 0x0a1a9200, 0x0a600000)
 Metaspace       used 9375K, capacity 9996K, committed 10112K, reserved 10624K
Event: 15.180 GC heap after
Heap after GC invocations=10 (full 0):
 def new generation   total 4928K, used 300K [0x04600000, 0x04b50000, 0x09b50000)
  eden space 4416K,   0% used [0x04600000, 0x04600000, 0x04a50000)
  from space 512K,  58% used [0x04a50000, 0x04a9b090, 0x04ad0000)
  to   space 512K,   0% used [0x04ad0000, 0x04ad0000, 0x04b50000)
 tenured generation   total 10944K, used 6500K [0x09b50000, 0x0a600000, 0x14600000)
   the space 10944K,  59% used [0x09b50000, 0x0a1a90f8, 0x0a1a9200, 0x0a600000)
 Metaspace       used 9375K, capacity 9996K, committed 10112K, reserved 10624K
}
Event: 15.229 GC heap before
{Heap before GC invocations=10 (full 0):
 def new generation   total 4928K, used 4716K [0x04600000, 0x04b50000, 0x09b50000)
  eden space 4416K, 100% used [0x04600000, 0x04a50000, 0x04a50000)
  from space 512K,  58% used [0x04a50000, 0x04a9b090, 0x04ad0000)
  to   space 512K,   0% used [0x04ad0000, 0x04ad0000, 0x04b50000)
 tenured generation   total 10944K, used 6500K [0x09b50000, 0x0a600000, 0x14600000)
   the space 10944K,  59% used [0x09b50000, 0x0a1a90f8, 0x0a1a9200, 0x0a600000)
 Metaspace       used 9378K, capacity 9996K, committed 10112K, reserved 10624K
Event: 15.232 GC heap after
Heap after GC invocations=11 (full 0):
 def new generation   total 4928K, used 121K [0x04600000, 0x04b50000, 0x09b50000)
  eden space 4416K,   0% used [0x04600000, 0x04600000, 0x04a50000)
  from space 512K,  23% used [0x04ad0000, 0x04aee7a8, 0x04b50000)
  to   space 512K,   0% used [0x04a50000, 0x04a50000, 0x04ad0000)
 tenured generation   total 10944K, used 6676K [0x09b50000, 0x0a600000, 0x14600000)
   the space 10944K,  61% used [0x09b50000, 0x0a1d50b8, 0x0a1d5200, 0x0a600000)
 Metaspace       used 9378K, capacity 9996K, committed 10112K, reserved 10624K
}

